#
# There is insufficient memory for the Java Runtime Environment to continue.
# Native memory allocation (mmap) failed to map 3997696 bytes. Error detail: G1 virtual space
# Possible reasons:
#   The system is out of physical RAM or swap space
#   This process is running with CompressedOops enabled, and the Java Heap may be blocking the growth of the native heap
# Possible solutions:
#   Reduce memory load on the system
#   Increase physical memory or swap space
#   Check if swap backing store is full
#   Decrease Java heap size (-Xmx/-Xms)
#   Decrease number of Java threads
#   Decrease Java thread stack sizes (-Xss)
#   Set larger code cache with -XX:ReservedCodeCacheSize=
#   JVM is running with Zero Based Compressed Oops mode in which the Java heap is
#     placed in the first 32GB address space. The Java Heap base address is the
#     maximum limit for the native heap growth. Please use -XX:HeapBaseMinAddress
#     to set the Java Heap base and to place the Java Heap above 32GB virtual address.
# This output file may be truncated or incomplete.
#
#  Out of Memory Error (os_windows.cpp:3925), pid=30824, tid=13812
#
# JRE version:  (21.0.9) (build )
# Java VM: OpenJDK 64-Bit Server VM (21.0.9+-14787801-b1163.94, mixed mode, sharing, tiered, compressed oops, compressed class ptrs, g1 gc, windows-amd64)
# No core dump will be written. Minidumps are not enabled by default on client versions of Windows
#

---------------  S U M M A R Y ------------

Command Line: org.jetbrains.kotlin.cli.jvm.K2JVMCompiler @D:\Semester 4\Mobile Programing\fashion_order\fashion_order\build\share_plus\20260627_18178747210199864670.compiler.options

Host: AMD Ryzen 5 7535HS with Radeon Graphics        , 12 cores, 15G,  Windows 11 , 64 bit Build 26100 (10.0.26100.8328)
Time: Sat Jun 27 00:43:38 2026 SE Asia Standard Time elapsed time: 1.238438 seconds (0d 0h 0m 1s)

---------------  T H R E A D  ---------------

Current thread (0x000001f3ca3d1190):  JavaThread "Unknown thread" [_thread_in_vm, id=13812, stack(0x0000005518800000,0x0000005518900000) (1024K)]

Stack: [0x0000005518800000,0x0000005518900000]
Native frames: (J=compiled Java code, j=interpreted, Vv=VM code, C=native code)
V  [jvm.dll+0x6d6c99]
V  [jvm.dll+0x866b83]
V  [jvm.dll+0x8691ae]
V  [jvm.dll+0x869893]
V  [jvm.dll+0x280776]
V  [jvm.dll+0x6d3555]
V  [jvm.dll+0x6c6bea]
V  [jvm.dll+0x3587fb]
V  [jvm.dll+0x360476]
V  [jvm.dll+0x3b265b]
V  [jvm.dll+0x3b2918]
V  [jvm.dll+0x32af0c]
V  [jvm.dll+0x32bbfb]
V  [jvm.dll+0x82e839]
V  [jvm.dll+0x3bf818]
V  [jvm.dll+0x8179d8]
V  [jvm.dll+0x453cbe]
V  [jvm.dll+0x455421]
C  [jli.dll+0x52ab]
C  [ucrtbase.dll+0x37b0]
C  [KERNEL32.DLL+0x2e957]
C  [ntdll.dll+0x427c]


---------------  P R O C E S S  ---------------

Threads class SMR info:
_java_thread_list=0x00007ff852e8b988, length=0, elements={
}

Java Threads: ( => current thread )
Total: 0

Other Threads:
  0x000001f3ca434710 WorkerThread "GC Thread#0"                     [id=31132, stack(0x0000005518900000,0x0000005518a00000) (1024K)]
  0x000001f3ca445830 ConcurrentGCThread "G1 Main Marker"            [id=9296, stack(0x0000005518a00000,0x0000005518b00000) (1024K)]
  0x000001f3ca4479e0 WorkerThread "G1 Conc#0"                       [id=8548, stack(0x0000005518b00000,0x0000005518c00000) (1024K)]

[error occurred during error reporting (printing all threads), id 0xc0000005, EXCEPTION_ACCESS_VIOLATION (0xc0000005) at pc=0x00007ff85267dee7]
VM state: not at safepoint (not fully initialized)

VM Mutex/Monitor currently owned by a thread:  ([mutex/lock_event])
[0x00007ff852ef8790] Heap_lock - owner thread: 0x000001f3ca3d1190

Heap address: 0x000000070c000000, size: 3904 MB, Compressed Oops mode: Zero based, Oop shift amount: 3

CDS archive(s) mapped at: [0x0000000000000000-0x0000000000000000-0x0000000000000000), size 0, SharedBaseAddress: 0x0000000800000000, ArchiveRelocationMode: 1.
Narrow klass base: 0x0000000000000000, Narrow klass shift: 0, Narrow klass range: 0x0

GC Precious Log:
 CardTable entry size: 512
 Card Set container configuration: InlinePtr #cards 4 size 8 Array Of Cards #cards 16 size 48 Howl #buckets 8 coarsen threshold 3686 Howl Bitmap #cards 512 size 80 coarsen threshold 460 Card regions per heap region 1 cards per card region 4096

Heap:
 garbage-first heap   total 0K, used 0K [0x000000070c000000, 0x0000000800000000)
  region size 2048K, 0 young (0K), 0 survivors (0K)
 Metaspace       used 0K, committed 0K, reserved 0K
  class space    used 0K, committed 0K, reserved 0K

Heap Regions: E=young(eden), S=young(survivor), O=old, HS=humongous(starts), HC=humongous(continues), CS=collection set, F=free, TAMS=top-at-mark-start, PB=parsable bottom

Card table byte_map: [0x000001f3dd210000,0x000001f3dd9b0000] _byte_map_base: 0x000001f3d99b0000

Marking Bits: (CMBitMap*) 0x000001f3ca434d10
 Bits: [0x000001f3dd9b0000, 0x000001f3e16b0000)

GC Heap History (0 events):
No events

Dll operation events (1 events):
Event: 0.021 Loaded shared library C:\Program Files\Android\Android Studio\jbr\bin\java.dll

Deoptimization events (0 events):
No events

Classes loaded (0 events):
No events

Classes unloaded (0 events):
No events

Classes redefined (0 events):
No events

Internal exceptions (0 events):
No events

ZGC Phase Switch (0 events):
No events

VM Operations (0 events):
No events

Memory protections (0 events):
No events

Nmethod flushes (0 events):
No events

Events (0 events):
No events


Dynamic libraries:
0x00007ff6db430000 - 0x00007ff6db43a000 	C:\Program Files\Android\Android Studio\jbr\bin\java.exe
0x00007ff926f80000 - 0x00007ff9271e7000 	C:\Windows\SYSTEM32\ntdll.dll
0x00007ff925680000 - 0x00007ff925749000 	C:\Windows\System32\KERNEL32.DLL
0x00007ff923c60000 - 0x00007ff924057000 	C:\Windows\System32\KERNELBASE.dll
0x00007ff920e90000 - 0x00007ff920f30000 	C:\Windows\SYSTEM32\apphelp.dll
0x00007ff924bb0000 - 0x00007ff924cfb000 	C:\Windows\System32\ucrtbase.dll
0x00007ff909d10000 - 0x00007ff909d28000 	C:\Program Files\Android\Android Studio\jbr\bin\jli.dll
0x00007ff925320000 - 0x00007ff9254e6000 	C:\Windows\System32\USER32.dll
0x00007ff924060000 - 0x00007ff924087000 	C:\Windows\System32\win32u.dll
0x00007ff924d10000 - 0x00007ff924d3b000 	C:\Windows\System32\GDI32.dll
0x00007ff923b30000 - 0x00007ff923c5c000 	C:\Windows\System32\gdi32full.dll
0x00007ff9249b0000 - 0x00007ff924a53000 	C:\Windows\System32\msvcp_win.dll
0x00007ff909cf0000 - 0x00007ff909d0b000 	C:\Program Files\Android\Android Studio\jbr\bin\VCRUNTIME140.dll
0x00007ff900650000 - 0x00007ff9008e2000 	C:\Windows\WinSxS\amd64_microsoft.windows.common-controls_6595b64144ccf1df_6.0.26100.8457_none_3e0b2faee331e92d\COMCTL32.dll
0x00007ff925c60000 - 0x00007ff925d09000 	C:\Windows\System32\msvcrt.dll
0x00007ff925c20000 - 0x00007ff925c52000 	C:\Windows\System32\IMM32.DLL
0x00007ff915280000 - 0x00007ff91528c000 	C:\Program Files\Android\Android Studio\jbr\bin\vcruntime140_1.dll
0x00007ff8f7030000 - 0x00007ff8f70bd000 	C:\Program Files\Android\Android Studio\jbr\bin\msvcp140.dll
0x00007ff852340000 - 0x00007ff852fd6000 	C:\Program Files\Android\Android Studio\jbr\bin\server\jvm.dll
0x00007ff924d40000 - 0x00007ff924df6000 	C:\Windows\System32\ADVAPI32.dll
0x00007ff925580000 - 0x00007ff925627000 	C:\Windows\System32\sechost.dll
0x00007ff925d10000 - 0x00007ff925e28000 	C:\Windows\System32\RPCRT4.dll
0x00007ff925290000 - 0x00007ff925310000 	C:\Windows\System32\WS2_32.dll
0x00007ff923810000 - 0x00007ff92386e000 	C:\Windows\SYSTEM32\POWRPROF.dll
0x00007ff918090000 - 0x00007ff9180c6000 	C:\Windows\SYSTEM32\WINMM.dll
0x00007ff90ab50000 - 0x00007ff90ab5b000 	C:\Windows\SYSTEM32\VERSION.dll
0x00007ff9237f0000 - 0x00007ff923804000 	C:\Windows\SYSTEM32\UMPDC.dll
0x00007ff922740000 - 0x00007ff92275b000 	C:\Windows\SYSTEM32\kernel.appcore.dll
0x00007ff914ee0000 - 0x00007ff914eea000 	C:\Program Files\Android\Android Studio\jbr\bin\jimage.dll
0x00007ff921540000 - 0x00007ff921782000 	C:\Windows\SYSTEM32\DBGHELP.DLL
0x00007ff925760000 - 0x00007ff925ae3000 	C:\Windows\System32\combase.dll
0x00007ff9262a0000 - 0x00007ff926379000 	C:\Windows\System32\OLEAUT32.dll
0x00007ff8f9bf0000 - 0x00007ff8f9c2b000 	C:\Windows\SYSTEM32\dbgcore.DLL
0x00007ff924900000 - 0x00007ff9249a8000 	C:\Windows\System32\bcryptPrimitives.dll
0x00007ff909cb0000 - 0x00007ff909cd0000 	C:\Program Files\Android\Android Studio\jbr\bin\java.dll

JVMTI agents: none

dbghelp: loaded successfully - version: 4.0.5 - missing functions: none
symbol engine: initialized successfully - sym options: 0x614 - pdb path: .;C:\Program Files\Android\Android Studio\jbr\bin;C:\Windows\SYSTEM32;C:\Windows\WinSxS\amd64_microsoft.windows.common-controls_6595b64144ccf1df_6.0.26100.8457_none_3e0b2faee331e92d;C:\Program Files\Android\Android Studio\jbr\bin\server

VM Arguments:
java_command: org.jetbrains.kotlin.cli.jvm.K2JVMCompiler @D:\Semester 4\Mobile Programing\fashion_order\fashion_order\build\share_plus\20260627_18178747210199864670.compiler.options
java_class_path (initial): C:\Users\Hafirah\.gradle\caches\modules-2\files-2.1\org.jetbrains.kotlin\kotlin-compiler-embeddable\2.2.20\bb8331b7585e36ea311825b01a1c06860c055fd1\kotlin-compiler-embeddable-2.2.20.jar;C:\Users\Hafirah\.gradle\caches\modules-2\files-2.1\org.jetbrains.kotlin\kotlin-stdlib\2.2.20\5380b19fa1924399b62ce3a1faffebb2b4f82272\kotlin-stdlib-2.2.20.jar;C:\Users\Hafirah\.gradle\caches\modules-2\files-2.1\org.jetbrains.kotlin\kotlin-script-runtime\2.2.20\4c679cbeac0bb583b75c3a080013da8eaf240807\kotlin-script-runtime-2.2.20.jar;C:\Users\Hafirah\.gradle\caches\modules-2\files-2.1\org.jetbrains.kotlin\kotlin-reflect\1.6.10\1cbe9c92c12a94eea200d23c2bbaedaf3daf5132\kotlin-reflect-1.6.10.jar;C:\Users\Hafirah\.gradle\caches\modules-2\files-2.1\org.jetbrains.kotlin\kotlin-daemon-embeddable\2.2.20\feff12d48d7f1eb628742b0a721395e16f8755bf\kotlin-daemon-embeddable-2.2.20.jar;C:\Users\Hafirah\.gradle\caches\modules-2\files-2.1\org.jetbrains.kotlinx\kotlinx-coroutines-core-jvm\1.8.0\ac1dc37a30a93150b704022f8d895ee1bd3a36b3\kotlinx-coroutines-core-jvm-1.8.0.jar;C:\Users\Hafirah\.gradle\caches\modules-2\files-2.1\org.jetbrains\annotations\13.0\919f0dfe192fb4e063e7dacadee7f8bb9a2672a9\annotations-13.0.jar
Launcher Type: SUN_STANDARD

[Global flags]
     intx CICompilerCount                          = 4                                         {product} {ergonomic}
     uint ConcGCThreads                            = 3                                         {product} {ergonomic}
     uint G1ConcRefinementThreads                  = 10                                        {product} {ergonomic}
   size_t G1HeapRegionSize                         = 2097152                                   {product} {ergonomic}
    uintx GCDrainStackTargetSize                   = 64                                        {product} {ergonomic}
   size_t InitialHeapSize                          = 255852544                                 {product} {ergonomic}
   size_t MarkStackSize                            = 4194304                                   {product} {ergonomic}
   size_t MaxHeapSize                              = 4093640704                                {product} {ergonomic}
   size_t MinHeapDeltaBytes                        = 2097152                                   {product} {ergonomic}
   size_t MinHeapSize                              = 8388608                                   {product} {ergonomic}
    uintx NonNMethodCodeHeapSize                   = 5839372                                {pd product} {ergonomic}
    uintx NonProfiledCodeHeapSize                  = 122909434                              {pd product} {ergonomic}
    uintx ProfiledCodeHeapSize                     = 122909434                              {pd product} {ergonomic}
    uintx ReservedCodeCacheSize                    = 251658240                              {pd product} {ergonomic}
     bool SegmentedCodeCache                       = true                                      {product} {ergonomic}
   size_t SoftMaxHeapSize                          = 4093640704                             {manageable} {ergonomic}
     bool UseCompressedOops                        = true                           {product lp64_product} {ergonomic}
     bool UseG1GC                                  = true                                      {product} {ergonomic}
     bool UseLargePagesIndividualAllocation        = false                                  {pd product} {ergonomic}

Logging:
Log output configuration:
 #0: stdout all=warning uptime,level,tags foldmultilines=false
 #1: stderr all=off uptime,level,tags foldmultilines=false

Release file:
<release file has not been read>
Environment Variables:
JAVA_HOME=C:\Program Files\Android\Android Studio\jbr
CLASSPATH=D:\Semester 4\Mobile Programing\fashion_order\fashion_order\android\\gradle\wrapper\gradle-wrapper.jar
PATH=C:\Program Files\Android\Android Studio\jbr\bin;C:\ProgramData\Oracle\Java\javapath;C:\Windows\system32;C:\Windows;C:\Windows\System32\Wbem;C:\Windows\System32\WindowsPowerShell\v1.0\;C:\Windows\System32\OpenSSH\;C:\Program Files (x86)\IBM\SPSS\Statistics\22\JRE\bin;C:\Program Files\Git\cmd;C:\Users\Hafirah\dev\flutter\bin;C:\Users\Hafirah\AppData\Local\Programs\Python\Python313\Scripts\;C:\Users\Hafirah\AppData\Local\Programs\Python\Python313\;C:\Users\Hafirah\AppData\Local\Microsoft\WindowsApps;C:\Users\Hafirah\AppData\Local\Programs\Microsoft VS Code\bin;
USERNAME=Hafirah
OS=Windows_NT
PROCESSOR_IDENTIFIER=AMD64 Family 25 Model 68 Stepping 1, AuthenticAMD
TMP=C:\Users\Hafirah\AppData\Local\Temp
TEMP=C:\Users\Hafirah\AppData\Local\Temp




Periodic native trim disabled

JNI global refs:
JNI global refs: 0, weak refs: 0

JNI global refs memory usage: 0, weak refs: 0

Process memory usage:
Resident Set Size: 14124K (0% of 15988244K total physical memory with 1687140K free physical memory)

OOME stack traces (most recent first):
Classloader memory used:

---------------  S Y S T E M  ---------------

OS:
 Windows 11 , 64 bit Build 26100 (10.0.26100.8328)
OS uptime: 0 days 14:56 hours
Hyper-V role detected

CPU: total 12 (initial active 12) (12 cores per cpu, 2 threads per core) family 25 model 68 stepping 1 microcode 0xa404105, cx8, cmov, fxsr, ht, mmx, 3dnowpref, sse, sse2, sse3, ssse3, sse4a, sse4.1, sse4.2, popcnt, lzcnt, tsc, tscinvbit, avx, avx2, aes, erms, clmul, bmi1, bmi2, adx, sha, fma, vzeroupper, clflush, clflushopt, hv, rdtscp, rdpid, fsrm, f16c, cet_ss
Processor Information for processor 0
  Max Mhz: 3301, Current Mhz: 1914, Mhz Limit: 3301
Processor Information for processor 1
  Max Mhz: 3301, Current Mhz: 1914, Mhz Limit: 3301
Processor Information for processor 2
  Max Mhz: 3301, Current Mhz: 1803, Mhz Limit: 3301
Processor Information for processor 3
  Max Mhz: 3301, Current Mhz: 1914, Mhz Limit: 3301
Processor Information for processor 4
  Max Mhz: 3301, Current Mhz: 1914, Mhz Limit: 3301
Processor Information for processor 5
  Max Mhz: 3301, Current Mhz: 1914, Mhz Limit: 3301
Processor Information for processor 6
  Max Mhz: 3301, Current Mhz: 1803, Mhz Limit: 3301
Processor Information for processor 7
  Max Mhz: 3301, Current Mhz: 1914, Mhz Limit: 3301
Processor Information for processor 8
  Max Mhz: 3301, Current Mhz: 1914, Mhz Limit: 3301
Processor Information for processor 9
  Max Mhz: 3301, Current Mhz: 1914, Mhz Limit: 3301
Processor Information for processor 10
  Max Mhz: 3301, Current Mhz: 1803, Mhz Limit: 3301
Processor Information for processor 11
  Max Mhz: 3301, Current Mhz: 1803, Mhz Limit: 3301

Memory: 4k page, system-wide physical 15613M (1647M free)
TotalPageFile size 45024M (AvailPageFile size 26M)
current process WorkingSet (physical memory assigned to process): 13M, peak: 13M
current process commit charge ("private bytes"): 309M, peak: 312M

vm_info: OpenJDK 64-Bit Server VM (21.0.9+-14787801-b1163.94) for windows-amd64 JRE (21.0.9+-14787801-b1163.94), built on 2026-01-27T21:15:44Z by "builder" with MS VC++ 16.10 / 16.11 (VS2019)

END.
